<?xml version="1.0" encoding="UTF-8"?>
<!-- Generated by org.testng.reporters.JUnitXMLReporter -->
<testsuite ignored="0" hostname="Pritam-HP-Laptop" failures="0" tests="3" name="Test" time="34.816" errors="0" timestamp="2022-06-23T16:42:59 IST">
  <testcase classname="cucumberOption.TestRunner" name="scenario" time="13.937"/>
  <testcase classname="cucumberOption.TestRunner" name="scenario" time="10.535"/>
  <testcase classname="cucumberOption.TestRunner" name="scenario" time="9.732"/>
</testsuite> <!-- Test -->
